{"total": {"lines":{"total":15,"covered":15,"skipped":0,"pct":100},"statements":{"total":18,"covered":17,"skipped":0,"pct":94.44},"functions":{"total":5,"covered":4,"skipped":0,"pct":80},"branches":{"total":2,"covered":2,"skipped":0,"pct":100}}
,"/home/chaluwa/workspace/effeseye/backend-monolith/tests/init.js": {"lines":{"total":15,"covered":15,"skipped":0,"pct":100},"functions":{"total":5,"covered":4,"skipped":0,"pct":80},"statements":{"total":18,"covered":17,"skipped":0,"pct":94.44},"branches":{"total":2,"covered":2,"skipped":0,"pct":100}}
}
